<?xml version="1.0" encoding="UTF-8"?>
<testng-results ignored="0" total="1" passed="1" failed="0" skipped="0">
  <reporter-output>
  </reporter-output>
  <suite started-at="2025-07-03T18:24:06 IST" name="Default suite" finished-at="2025-07-03T18:24:28 IST" duration-ms="21311">
    <groups>
    </groups>
    <test started-at="2025-07-03T18:24:06 IST" name="Default test" finished-at="2025-07-03T18:24:28 IST" duration-ms="21311">
      <class name="test.LoginTest">
        <test-method is-config="true" signature="setUpReport()[pri:0, instance:test.LoginTest@6c6cb480]" started-at="2025-07-03T18:24:06 IST" name="setUpReport" finished-at="2025-07-03T18:24:06 IST" duration-ms="252" status="PASS">
          <reporter-output>
          </reporter-output>
        </test-method> <!-- setUpReport -->
        <test-method is-config="true" signature="setup()[pri:0, instance:test.LoginTest@6c6cb480]" started-at="2025-07-03T18:24:06 IST" name="setup" finished-at="2025-07-03T18:24:11 IST" duration-ms="4820" status="PASS">
          <reporter-output>
          </reporter-output>
        </test-method> <!-- setup -->
        <test-method signature="testValidLogin()[pri:0, instance:test.LoginTest@6c6cb480]" started-at="2025-07-03T18:24:11 IST" name="testValidLogin" finished-at="2025-07-03T18:24:27 IST" duration-ms="16223" status="PASS">
          <reporter-output>
          </reporter-output>
        </test-method> <!-- testValidLogin -->
        <test-method is-config="true" signature="tearDown(org.testng.ITestResult)[pri:0, instance:test.LoginTest@6c6cb480]" started-at="2025-07-03T18:24:27 IST" name="tearDown" finished-at="2025-07-03T18:24:28 IST" duration-ms="237" status="PASS">
          <params>
            <param index="0">
              <value>
                <![CDATA[[TestResult name=testValidLogin status=SUCCESS method=LoginTest.testValidLogin()[pri:0, instance:test.LoginTest@6c6cb480] output={null}]]]>
              </value>
            </param>
          </params>
          <reporter-output>
          </reporter-output>
        </test-method> <!-- tearDown -->
        <test-method is-config="true" signature="tearDownReport()[pri:0, instance:test.LoginTest@6c6cb480]" started-at="2025-07-03T18:24:28 IST" name="tearDownReport" finished-at="2025-07-03T18:24:28 IST" duration-ms="514" status="PASS">
          <reporter-output>
          </reporter-output>
        </test-method> <!-- tearDownReport -->
      </class> <!-- test.LoginTest -->
    </test> <!-- Default test -->
  </suite> <!-- Default suite -->
</testng-results>
